Analysis & Synthesis report for TP2_registres
Mon May  5 10:18:34 2025
Quartus Prime Version 24.1std.0 Build 1077 03/04/2025 SC Lite Edition


---------------------
; Table of Contents ;
---------------------
  1. Legal Notice
  2. Analysis & Synthesis Summary
  3. Analysis & Synthesis Settings
  4. Parallel Compilation
  5. Analysis & Synthesis Source Files Read
  6. Analysis & Synthesis Resource Usage Summary
  7. Analysis & Synthesis Resource Utilization by Entity
  8. General Register Statistics
  9. Multiplexer Restructuring Statistics (Restructuring Performed)
 10. Port Connectivity Checks: "shift_register_universal8:reg_univ"
 11. Post-Synthesis Netlist Statistics for Top Partition
 12. Elapsed Time Per Partition
 13. Analysis & Synthesis Messages



----------------
; Legal Notice ;
----------------
Copyright (C) 2025  Altera Corporation. All rights reserved.
Your use of Altera Corporation's design tools, logic functions 
and other software and tools, and any partner logic 
functions, and any output files from any of the foregoing 
(including device programming or simulation files), and any 
associated documentation or information are expressly subject 
to the terms and conditions of the Altera Program License 
Subscription Agreement, the Altera Quartus Prime License Agreement,
the Altera IP License Agreement, or other applicable license
agreement, including, without limitation, that your use is for
the sole purpose of programming logic devices manufactured by
Altera and sold by Altera or its authorized distributors.  Please
refer to the Altera Software License Subscription Agreements 
on the Quartus Prime software download page.



+-----------------------------------------------------------------------------------+
; Analysis & Synthesis Summary                                                      ;
+---------------------------------+-------------------------------------------------+
; Analysis & Synthesis Status     ; Successful - Mon May  5 10:18:34 2025           ;
; Quartus Prime Version           ; 24.1std.0 Build 1077 03/04/2025 SC Lite Edition ;
; Revision Name                   ; TP2_registres                                   ;
; Top-level Entity Name           ; toplevel                                        ;
; Family                          ; Cyclone V                                       ;
; Logic utilization (in ALMs)     ; N/A                                             ;
; Total registers                 ; 8                                               ;
; Total pins                      ; 21                                              ;
; Total virtual pins              ; 0                                               ;
; Total block memory bits         ; 0                                               ;
; Total DSP Blocks                ; 0                                               ;
; Total HSSI RX PCSs              ; 0                                               ;
; Total HSSI PMA RX Deserializers ; 0                                               ;
; Total HSSI TX PCSs              ; 0                                               ;
; Total HSSI PMA TX Serializers   ; 0                                               ;
; Total PLLs                      ; 0                                               ;
; Total DLLs                      ; 0                                               ;
+---------------------------------+-------------------------------------------------+


+---------------------------------------------------------------------------------------------------------------------------+
; Analysis & Synthesis Settings                                                                                             ;
+---------------------------------------------------------------------------------+--------------------+--------------------+
; Option                                                                          ; Setting            ; Default Value      ;
+---------------------------------------------------------------------------------+--------------------+--------------------+
; Device                                                                          ; 5CGXFC5C6F27C7     ;                    ;
; Top-level entity name                                                           ; toplevel           ; TP2_registres      ;
; Family name                                                                     ; Cyclone V          ; Cyclone V          ;
; Use smart compilation                                                           ; Off                ; Off                ;
; Enable parallel Assembler and Timing Analyzer during compilation                ; On                 ; On                 ;
; Enable compact report table                                                     ; Off                ; Off                ;
; Restructure Multiplexers                                                        ; Auto               ; Auto               ;
; MLAB Add Timing Constraints For Mixed-Port Feed-Through Mode Setting Don't Care ; Off                ; Off                ;
; Create Debugging Nodes for IP Cores                                             ; Off                ; Off                ;
; Preserve fewer node names                                                       ; On                 ; On                 ;
; Intel FPGA IP Evaluation Mode                                                   ; Enable             ; Enable             ;
; Verilog Version                                                                 ; Verilog_2001       ; Verilog_2001       ;
; VHDL Version                                                                    ; VHDL_1993          ; VHDL_1993          ;
; State Machine Processing                                                        ; Auto               ; Auto               ;
; Safe State Machine                                                              ; Off                ; Off                ;
; Extract Verilog State Machines                                                  ; On                 ; On                 ;
; Extract VHDL State Machines                                                     ; On                 ; On                 ;
; Ignore Verilog initial constructs                                               ; Off                ; Off                ;
; Iteration limit for constant Verilog loops                                      ; 5000               ; 5000               ;
; Iteration limit for non-constant Verilog loops                                  ; 250                ; 250                ;
; Add Pass-Through Logic to Inferred RAMs                                         ; On                 ; On                 ;
; Infer RAMs from Raw Logic                                                       ; On                 ; On                 ;
; Parallel Synthesis                                                              ; On                 ; On                 ;
; DSP Block Balancing                                                             ; Auto               ; Auto               ;
; NOT Gate Push-Back                                                              ; On                 ; On                 ;
; Power-Up Don't Care                                                             ; On                 ; On                 ;
; Remove Redundant Logic Cells                                                    ; Off                ; Off                ;
; Remove Duplicate Registers                                                      ; On                 ; On                 ;
; Ignore CARRY Buffers                                                            ; Off                ; Off                ;
; Ignore CASCADE Buffers                                                          ; Off                ; Off                ;
; Ignore GLOBAL Buffers                                                           ; Off                ; Off                ;
; Ignore ROW GLOBAL Buffers                                                       ; Off                ; Off                ;
; Ignore LCELL Buffers                                                            ; Off                ; Off                ;
; Ignore SOFT Buffers                                                             ; On                 ; On                 ;
; Limit AHDL Integers to 32 Bits                                                  ; Off                ; Off                ;
; Optimization Technique                                                          ; Balanced           ; Balanced           ;
; Carry Chain Length                                                              ; 70                 ; 70                 ;
; Auto Carry Chains                                                               ; On                 ; On                 ;
; Auto Open-Drain Pins                                                            ; On                 ; On                 ;
; Perform WYSIWYG Primitive Resynthesis                                           ; Off                ; Off                ;
; Auto ROM Replacement                                                            ; On                 ; On                 ;
; Auto RAM Replacement                                                            ; On                 ; On                 ;
; Auto DSP Block Replacement                                                      ; On                 ; On                 ;
; Auto Shift Register Replacement                                                 ; Auto               ; Auto               ;
; Allow Shift Register Merging across Hierarchies                                 ; Auto               ; Auto               ;
; Auto Clock Enable Replacement                                                   ; On                 ; On                 ;
; Strict RAM Replacement                                                          ; Off                ; Off                ;
; Allow Synchronous Control Signals                                               ; On                 ; On                 ;
; Force Use of Synchronous Clear Signals                                          ; Off                ; Off                ;
; Auto Resource Sharing                                                           ; Off                ; Off                ;
; Allow Any RAM Size For Recognition                                              ; Off                ; Off                ;
; Allow Any ROM Size For Recognition                                              ; Off                ; Off                ;
; Allow Any Shift Register Size For Recognition                                   ; Off                ; Off                ;
; Use LogicLock Constraints during Resource Balancing                             ; On                 ; On                 ;
; Ignore translate_off and synthesis_off directives                               ; Off                ; Off                ;
; Timing-Driven Synthesis                                                         ; On                 ; On                 ;
; Report Parameter Settings                                                       ; On                 ; On                 ;
; Report Source Assignments                                                       ; On                 ; On                 ;
; Report Connectivity Checks                                                      ; On                 ; On                 ;
; Ignore Maximum Fan-Out Assignments                                              ; Off                ; Off                ;
; Synchronization Register Chain Length                                           ; 3                  ; 3                  ;
; Power Optimization During Synthesis                                             ; Normal compilation ; Normal compilation ;
; HDL message level                                                               ; Level2             ; Level2             ;
; Suppress Register Optimization Related Messages                                 ; Off                ; Off                ;
; Number of Removed Registers Reported in Synthesis Report                        ; 5000               ; 5000               ;
; Number of Swept Nodes Reported in Synthesis Report                              ; 5000               ; 5000               ;
; Number of Inverted Registers Reported in Synthesis Report                       ; 100                ; 100                ;
; Clock MUX Protection                                                            ; On                 ; On                 ;
; Auto Gated Clock Conversion                                                     ; Off                ; Off                ;
; Block Design Naming                                                             ; Auto               ; Auto               ;
; SDC constraint protection                                                       ; Off                ; Off                ;
; Synthesis Effort                                                                ; Auto               ; Auto               ;
; Shift Register Replacement - Allow Asynchronous Clear Signal                    ; On                 ; On                 ;
; Pre-Mapping Resynthesis Optimization                                            ; Off                ; Off                ;
; Analysis & Synthesis Message Level                                              ; Medium             ; Medium             ;
; Disable Register Merging Across Hierarchies                                     ; Auto               ; Auto               ;
; Resource Aware Inference For Block RAM                                          ; On                 ; On                 ;
; Automatic Parallel Synthesis                                                    ; On                 ; On                 ;
; Partial Reconfiguration Bitstream ID                                            ; Off                ; Off                ;
+---------------------------------------------------------------------------------+--------------------+--------------------+


+------------------------------------------+
; Parallel Compilation                     ;
+----------------------------+-------------+
; Processors                 ; Number      ;
+----------------------------+-------------+
; Number detected on machine ; 16          ;
; Maximum allowed            ; 10          ;
;                            ;             ;
; Average used               ; 1.00        ;
; Maximum used               ; 10          ;
;                            ;             ;
; Usage by Processor         ; % Time Used ;
;     Processor 1            ; 100.0%      ;
;     Processors 2-10        ;   0.0%      ;
+----------------------------+-------------+


+--------------------------------------------------------------------------------------------------------------------------------------------+
; Analysis & Synthesis Source Files Read                                                                                                     ;
+----------------------------------+-----------------+-----------------+-----------------------------------------------------------+---------+
; File Name with User-Entered Path ; Used in Netlist ; File Type       ; File Name with Absolute Path                              ; Library ;
+----------------------------------+-----------------+-----------------+-----------------------------------------------------------+---------+
; shift_register_universal8.vhd    ; yes             ; User VHDL File  ; C:/CycloneVGX/TP2_Registres/shift_register_universal8.vhd ;         ;
; toplevel.vhd                     ; yes             ; User VHDL File  ; C:/CycloneVGX/TP2_Registres/toplevel.vhd                  ;         ;
+----------------------------------+-----------------+-----------------+-----------------------------------------------------------+---------+


+-----------------------------------------------------------+
; Analysis & Synthesis Resource Usage Summary               ;
+---------------------------------------------+-------------+
; Resource                                    ; Usage       ;
+---------------------------------------------+-------------+
; Estimate of Logic utilization (ALMs needed) ; 22          ;
;                                             ;             ;
; Combinational ALUT usage for logic          ; 39          ;
;     -- 7 input functions                    ; 0           ;
;     -- 6 input functions                    ; 4           ;
;     -- 5 input functions                    ; 6           ;
;     -- 4 input functions                    ; 26          ;
;     -- <=3 input functions                  ; 3           ;
;                                             ;             ;
; Dedicated logic registers                   ; 8           ;
;                                             ;             ;
; I/O pins                                    ; 21          ;
;                                             ;             ;
; Total DSP Blocks                            ; 0           ;
;                                             ;             ;
; Maximum fan-out node                        ; SW[0]~input ;
; Maximum fan-out                             ; 22          ;
; Total fan-out                               ; 218         ;
; Average fan-out                             ; 2.45        ;
+---------------------------------------------+-------------+


+--------------------------------------------------------------------------------------------------------------------------------------------------------------------------------------------------------------------------------------------+
; Analysis & Synthesis Resource Utilization by Entity                                                                                                                                                                                        ;
+-----------------------------------------+---------------------+---------------------------+-------------------+------------+------+--------------+----------------------------------------------+---------------------------+--------------+
; Compilation Hierarchy Node              ; Combinational ALUTs ; Dedicated Logic Registers ; Block Memory Bits ; DSP Blocks ; Pins ; Virtual Pins ; Full Hierarchy Name                          ; Entity Name               ; Library Name ;
+-----------------------------------------+---------------------+---------------------------+-------------------+------------+------+--------------+----------------------------------------------+---------------------------+--------------+
; |toplevel                               ; 39 (0)              ; 8 (0)                     ; 0                 ; 0          ; 21   ; 0            ; |toplevel                                    ; toplevel                  ; work         ;
;    |shift_register_universal8:reg_univ| ; 39 (39)             ; 8 (8)                     ; 0                 ; 0          ; 0    ; 0            ; |toplevel|shift_register_universal8:reg_univ ; shift_register_universal8 ; work         ;
+-----------------------------------------+---------------------+---------------------------+-------------------+------------+------+--------------+----------------------------------------------+---------------------------+--------------+
Note: For table entries with two numbers listed, the numbers in parentheses indicate the number of resources of the given type used by the specific entity alone. The numbers listed outside of parentheses indicate the total resources of the given type used by the specific entity and all of its sub-entities in the hierarchy.


+------------------------------------------------------+
; General Register Statistics                          ;
+----------------------------------------------+-------+
; Statistic                                    ; Value ;
+----------------------------------------------+-------+
; Total registers                              ; 8     ;
; Number of registers using Synchronous Clear  ; 0     ;
; Number of registers using Synchronous Load   ; 0     ;
; Number of registers using Asynchronous Clear ; 8     ;
; Number of registers using Asynchronous Load  ; 0     ;
; Number of registers using Clock Enable       ; 0     ;
; Number of registers using Preset             ; 0     ;
+----------------------------------------------+-------+


+-------------------------------------------------------------------------------------------------------------------------------------------------------------------+
; Multiplexer Restructuring Statistics (Restructuring Performed)                                                                                                    ;
+--------------------+-----------+---------------+----------------------+------------------------+------------+-----------------------------------------------------+
; Multiplexer Inputs ; Bus Width ; Baseline Area ; Area if Restructured ; Saving if Restructured ; Registered ; Example Multiplexer Output                          ;
+--------------------+-----------+---------------+----------------------+------------------------+------------+-----------------------------------------------------+
; 5:1                ; 6 bits    ; 18 LEs        ; 12 LEs               ; 6 LEs                  ; Yes        ; |toplevel|shift_register_universal8:reg_univ|reg[1] ;
+--------------------+-----------+---------------+----------------------+------------------------+------------+-----------------------------------------------------+


+----------------------------------------------------------------------------------------------------------------+
; Port Connectivity Checks: "shift_register_universal8:reg_univ"                                                 ;
+------+--------+----------+-------------------------------------------------------------------------------------+
; Port ; Type   ; Severity ; Details                                                                             ;
+------+--------+----------+-------------------------------------------------------------------------------------+
; pi   ; Input  ; Info     ; Stuck at GND                                                                        ;
; sor  ; Output ; Info     ; Connected to dangling logic. Logic that only feeds a dangling port will be removed. ;
; sol  ; Output ; Info     ; Connected to dangling logic. Logic that only feeds a dangling port will be removed. ;
+------+--------+----------+-------------------------------------------------------------------------------------+


+-----------------------------------------------------+
; Post-Synthesis Netlist Statistics for Top Partition ;
+-----------------------+-----------------------------+
; Type                  ; Count                       ;
+-----------------------+-----------------------------+
; arriav_ff             ; 8                           ;
;     CLR               ; 8                           ;
; arriav_lcell_comb     ; 39                          ;
;     normal            ; 39                          ;
;         2 data inputs ; 2                           ;
;         3 data inputs ; 1                           ;
;         4 data inputs ; 26                          ;
;         5 data inputs ; 6                           ;
;         6 data inputs ; 4                           ;
; boundary_port         ; 21                          ;
;                       ;                             ;
; Max LUT depth         ; 4.00                        ;
; Average LUT depth     ; 3.52                        ;
+-----------------------+-----------------------------+


+-------------------------------+
; Elapsed Time Per Partition    ;
+----------------+--------------+
; Partition Name ; Elapsed Time ;
+----------------+--------------+
; Top            ; 00:00:00     ;
+----------------+--------------+


+-------------------------------+
; Analysis & Synthesis Messages ;
+-------------------------------+
Info: *******************************************************************
Info: Running Quartus Prime Analysis & Synthesis
    Info: Version 24.1std.0 Build 1077 03/04/2025 SC Lite Edition
    Info: Processing started: Mon May  5 10:18:27 2025
Info: Command: quartus_map --read_settings_files=on --write_settings_files=off TP2_registres -c TP2_registres
Warning (18236): Number of processors has not been specified which may cause overloading on shared machines.  Set the global assignment NUM_PARALLEL_PROCESSORS in your QSF to an appropriate value for best performance.
Info (20030): Parallel compilation is enabled and will use 10 of the 10 processors detected
Info (12021): Found 1 design units, including 1 entities, in source file baseline_c5gx.v
    Info (12023): Found entity 1: baseline_c5gx File: C:/CycloneVGX/TP2_Registres/baseline_c5gx.v Line: 71
Info (12021): Found 2 design units, including 1 entities, in source file flipflop_jk.vhd
    Info (12022): Found design unit 1: flipflop_JK-Behavioral File: C:/CycloneVGX/TP2_Registres/flipflop_JK.vhd Line: 14
    Info (12023): Found entity 1: flipflop_JK File: C:/CycloneVGX/TP2_Registres/flipflop_JK.vhd Line: 4
Info (12021): Found 2 design units, including 1 entities, in source file tb_flipflop_jk.vhd
    Info (12022): Found design unit 1: tb_flipflop_JK-Behavioral File: C:/CycloneVGX/TP2_Registres/tb_flipflop_JK.vhd Line: 7
    Info (12023): Found entity 1: tb_flipflop_JK File: C:/CycloneVGX/TP2_Registres/tb_flipflop_JK.vhd Line: 4
Info (12021): Found 2 design units, including 1 entities, in source file flipflop_jkrs.vhd
    Info (12022): Found design unit 1: flipflop_JKrs-Behavioral File: C:/CycloneVGX/TP2_Registres/flipflop_JKrs.vhd Line: 16
    Info (12023): Found entity 1: flipflop_JKrs File: C:/CycloneVGX/TP2_Registres/flipflop_JKrs.vhd Line: 4
Info (12021): Found 2 design units, including 1 entities, in source file tb_flipflop_jkrs.vhd
    Info (12022): Found design unit 1: tb_flipflop_JKrs-Behavioral File: C:/CycloneVGX/TP2_Registres/tb_flipflop_JKrs.vhd Line: 7
    Info (12023): Found entity 1: tb_flipflop_JKrs File: C:/CycloneVGX/TP2_Registres/tb_flipflop_JKrs.vhd Line: 4
Info (12021): Found 2 design units, including 1 entities, in source file shift_register_siso8.vhd
    Info (12022): Found design unit 1: shift_register_SISO8-Behavioral File: C:/CycloneVGX/TP2_Registres/shift_register_SISO8.vhd Line: 14
    Info (12023): Found entity 1: shift_register_SISO8 File: C:/CycloneVGX/TP2_Registres/shift_register_SISO8.vhd Line: 4
Info (12021): Found 2 design units, including 1 entities, in source file tb_shift_register_siso8.vhd
    Info (12022): Found design unit 1: tb_shift_register_SISO8-test File: C:/CycloneVGX/TP2_Registres/tb_shift_register_SISO8.vhd Line: 7
    Info (12023): Found entity 1: tb_shift_register_SISO8 File: C:/CycloneVGX/TP2_Registres/tb_shift_register_SISO8.vhd Line: 4
Info (12021): Found 2 design units, including 1 entities, in source file shift_register_universal8.vhd
    Info (12022): Found design unit 1: shift_register_universal8-Behavioral File: C:/CycloneVGX/TP2_Registres/shift_register_universal8.vhd Line: 19
    Info (12023): Found entity 1: shift_register_universal8 File: C:/CycloneVGX/TP2_Registres/shift_register_universal8.vhd Line: 4
Info (12021): Found 2 design units, including 1 entities, in source file tb_shift_register_universal8.vhd
    Info (12022): Found design unit 1: tb_shift_register_universal8-test File: C:/CycloneVGX/TP2_Registres/tb_shift_register_universal8.vhd Line: 7
    Info (12023): Found entity 1: tb_shift_register_universal8 File: C:/CycloneVGX/TP2_Registres/tb_shift_register_universal8.vhd Line: 4
Info (12021): Found 2 design units, including 1 entities, in source file toplevel.vhd
    Info (12022): Found design unit 1: toplevel-Behavioral File: C:/CycloneVGX/TP2_Registres/toplevel.vhd Line: 12
    Info (12023): Found entity 1: toplevel File: C:/CycloneVGX/TP2_Registres/toplevel.vhd Line: 4
Info (12127): Elaborating entity "toplevel" for the top level hierarchy
Info (12128): Elaborating entity "shift_register_universal8" for hierarchy "shift_register_universal8:reg_univ" File: C:/CycloneVGX/TP2_Registres/toplevel.vhd Line: 35
Warning (13004): Presettable and clearable registers converted to equivalent circuits with latches. Registers power-up to an undefined state, and DEVCLRn places the registers in an undefined state.
    Warning (13310): Register "shift_register_universal8:reg_univ|reg[0]" is converted into an equivalent circuit using register "shift_register_universal8:reg_univ|reg[0]~_emulated" and latch "shift_register_universal8:reg_univ|reg[0]~1" File: C:/CycloneVGX/TP2_Registres/shift_register_universal8.vhd Line: 25
    Warning (13310): Register "shift_register_universal8:reg_univ|reg[1]" is converted into an equivalent circuit using register "shift_register_universal8:reg_univ|reg[1]~_emulated" and latch "shift_register_universal8:reg_univ|reg[0]~1" File: C:/CycloneVGX/TP2_Registres/shift_register_universal8.vhd Line: 25
    Warning (13310): Register "shift_register_universal8:reg_univ|reg[2]" is converted into an equivalent circuit using register "shift_register_universal8:reg_univ|reg[2]~_emulated" and latch "shift_register_universal8:reg_univ|reg[0]~1" File: C:/CycloneVGX/TP2_Registres/shift_register_universal8.vhd Line: 25
    Warning (13310): Register "shift_register_universal8:reg_univ|reg[3]" is converted into an equivalent circuit using register "shift_register_universal8:reg_univ|reg[3]~_emulated" and latch "shift_register_universal8:reg_univ|reg[0]~1" File: C:/CycloneVGX/TP2_Registres/shift_register_universal8.vhd Line: 25
    Warning (13310): Register "shift_register_universal8:reg_univ|reg[4]" is converted into an equivalent circuit using register "shift_register_universal8:reg_univ|reg[4]~_emulated" and latch "shift_register_universal8:reg_univ|reg[0]~1" File: C:/CycloneVGX/TP2_Registres/shift_register_universal8.vhd Line: 25
    Warning (13310): Register "shift_register_universal8:reg_univ|reg[5]" is converted into an equivalent circuit using register "shift_register_universal8:reg_univ|reg[5]~_emulated" and latch "shift_register_universal8:reg_univ|reg[0]~1" File: C:/CycloneVGX/TP2_Registres/shift_register_universal8.vhd Line: 25
    Warning (13310): Register "shift_register_universal8:reg_univ|reg[6]" is converted into an equivalent circuit using register "shift_register_universal8:reg_univ|reg[6]~_emulated" and latch "shift_register_universal8:reg_univ|reg[0]~1" File: C:/CycloneVGX/TP2_Registres/shift_register_universal8.vhd Line: 25
    Warning (13310): Register "shift_register_universal8:reg_univ|reg[7]" is converted into an equivalent circuit using register "shift_register_universal8:reg_univ|reg[7]~_emulated" and latch "shift_register_universal8:reg_univ|reg[0]~1" File: C:/CycloneVGX/TP2_Registres/shift_register_universal8.vhd Line: 25
Info (286030): Timing-Driven Synthesis is running
Info (16010): Generating hard_block partition "hard_block:auto_generated_inst"
    Info (16011): Adding 0 node(s), including 0 DDIO, 0 PLL, 0 transceiver and 0 LCELL
Warning (21074): Design contains 5 input pin(s) that do not drive logic
    Warning (15610): No output dependent on input pin "SW[3]" File: C:/CycloneVGX/TP2_Registres/toplevel.vhd Line: 6
    Warning (15610): No output dependent on input pin "SW[4]" File: C:/CycloneVGX/TP2_Registres/toplevel.vhd Line: 6
    Warning (15610): No output dependent on input pin "SW[5]" File: C:/CycloneVGX/TP2_Registres/toplevel.vhd Line: 6
    Warning (15610): No output dependent on input pin "SW[6]" File: C:/CycloneVGX/TP2_Registres/toplevel.vhd Line: 6
    Warning (15610): No output dependent on input pin "SW[7]" File: C:/CycloneVGX/TP2_Registres/toplevel.vhd Line: 6
Info (21057): Implemented 60 device resources after synthesis - the final resource count might be different
    Info (21058): Implemented 13 input pins
    Info (21059): Implemented 8 output pins
    Info (21061): Implemented 39 logic cells
Info: Quartus Prime Analysis & Synthesis was successful. 0 errors, 16 warnings
    Info: Peak virtual memory: 4903 megabytes
    Info: Processing ended: Mon May  5 10:18:34 2025
    Info: Elapsed time: 00:00:07
    Info: Total CPU time (on all processors): 00:00:15


